<?xml version="1.0" encoding="UTF-8"?>
<!-- Generated by org.testng.reporters.JUnitReportReporter -->
<testsuite hostname="DESKTOP-LQEM3VC" failures="0" tests="1" name="alerthandling.DismissPromptAlert" time="3.168" errors="0" timestamp="2024-03-30T19:56:50 EDT" skipped="0">
  <testcase classname="alerthandling.DismissPromptAlert" name="dismissAlert" time="3.168"/>
</testsuite> <!-- alerthandling.DismissPromptAlert -->
