<?xml version="1.0" encoding="UTF-8"?>
<!-- Generated by org.testng.reporters.JUnitReportReporter -->
<testsuite hostname="DESKTOP-LQEM3VC" failures="0" tests="1" name="locators.LocateByStartsWith" time="3.070" errors="0" timestamp="2024-03-29T15:21:10 EDT" skipped="0">
  <testcase classname="locators.LocateByStartsWith" name="locateByStartsWith" time="3.070"/>
</testsuite> <!-- locators.LocateByStartsWith -->
