<?xml version="1.0" encoding="UTF-8"?>
<!-- Generated by org.testng.reporters.JUnitReportReporter -->
<testsuite hostname="DESKTOP-LQEM3VC" failures="0" tests="1" name="formwebelementcommands.ClickMethod" time="5.191" errors="0" timestamp="2024-04-09T18:43:14 EDT" skipped="0">
  <testcase classname="formwebelementcommands.ClickMethod" name="clickMethod" time="5.191"/>
</testsuite> <!-- formwebelementcommands.ClickMethod -->
