<?xml version="1.0" encoding="UTF-8"?>
<!-- Generated by org.testng.reporters.JUnitReportReporter -->
<testsuite hostname="DESKTOP-LQEM3VC" failures="0" tests="1" name="locators.dynamicxpath.LocateByOrExpression" time="3.078" errors="0" timestamp="2024-04-09T20:27:47 EDT" skipped="0">
  <testcase classname="locators.dynamicxpath.LocateByOrExpression" name="locateByOr" time="3.078"/>
</testsuite> <!-- locators.dynamicxpath.LocateByOrExpression -->
