<?xml version="1.0" encoding="UTF-8"?>
<!-- Generated by org.testng.reporters.JUnitReportReporter -->
<testsuite hostname="DESKTOP-LQEM3VC" failures="0" tests="1" name="browserhanding.ChromeBrowserInSelenium" time="1.185" errors="0" timestamp="2024-03-30T06:31:16 EDT" skipped="0">
  <testcase classname="browserhanding.ChromeBrowserInSelenium" name="openUrl" time="1.185"/>
</testsuite> <!-- browserhanding.ChromeBrowserInSelenium -->
