<?xml version="1.0" encoding="UTF-8"?>
<!-- Generated by org.testng.reporters.JUnitReportReporter -->
<testsuite hostname="DESKTOP-LQEM3VC" failures="0" tests="1" name="radiobuttonhandling.SelectRadioButton" time="5.106" errors="0" timestamp="2024-03-30T13:21:37 EDT" skipped="0">
  <testcase classname="radiobuttonhandling.SelectRadioButton" name="radioButton" time="5.106"/>
</testsuite> <!-- radiobuttonhandling.SelectRadioButton -->
