<?xml version="1.0" encoding="UTF-8"?>
<!-- Generated by org.testng.reporters.JUnitReportReporter -->
<testsuite hostname="DESKTOP-LQEM3VC" failures="0" tests="1" name="locators.dynamicxpath.LocateByAndExpression" time="3.047" errors="0" timestamp="2024-04-09T20:26:18 EDT" skipped="0">
  <testcase classname="locators.dynamicxpath.LocateByAndExpression" name="locateByAND" time="3.047"/>
</testsuite> <!-- locators.dynamicxpath.LocateByAndExpression -->
