<?xml version="1.0" encoding="UTF-8"?>
<!-- Generated by org.testng.reporters.JUnitReportReporter -->
<testsuite hostname="DESKTOP-LQEM3VC" failures="0" tests="1" name="locators.LocateByLinkTextAttribute" time="5.247" errors="0" timestamp="2024-03-30T12:54:09 EDT" skipped="0">
  <testcase classname="locators.LocateByLinkTextAttribute" name="locateByLinkText" time="5.247"/>
</testsuite> <!-- locators.LocateByLinkTextAttribute -->
