<?xml version="1.0" encoding="UTF-8"?>
<!-- Generated by org.testng.reporters.JUnitReportReporter -->
<testsuite hostname="DESKTOP-LQEM3VC" failures="0" tests="1" name="mouseevents.Click" time="3.387" errors="0" timestamp="2024-04-09T22:13:04 EDT" skipped="0">
  <testcase classname="mouseevents.Click" name="mouseClick" time="3.387"/>
</testsuite> <!-- mouseevents.Click -->
