<?xml version="1.0" encoding="UTF-8"?>
<!-- Generated by org.testng.reporters.JUnitReportReporter -->
<testsuite hostname="DESKTOP-LQEM3VC" failures="0" tests="1" name="browserhanding.SafariBrowserInPlaywright" time="4.800" errors="0" timestamp="2024-05-02T23:51:58 EDT" skipped="0">
  <testcase classname="browserhanding.SafariBrowserInPlaywright" name="openUrl" time="4.800"/>
</testsuite> <!-- browserhanding.SafariBrowserInPlaywright -->
