<?xml version="1.0" encoding="UTF-8"?>
<!-- Generated by org.testng.reporters.JUnitReportReporter -->
<testsuite hostname="DESKTOP-LQEM3VC" failures="0" tests="1" name="webtablehandling.NumberOfRowsAndColumns" time="0.071" errors="0" timestamp="2024-04-12T06:42:40 EDT" skipped="0">
  <testcase classname="webtablehandling.NumberOfRowsAndColumns" name="fetchNumberOfRowsAndColumns" time="0.071"/>
</testsuite> <!-- webtablehandling.NumberOfRowsAndColumns -->
