<?xml version="1.0" encoding="UTF-8"?>
<!-- Generated by org.testng.reporters.JUnitReportReporter -->
<testsuite hostname="DESKTOP-LQEM3VC" failures="0" tests="1" name="dropdownhandling.DeselectByIndex" time="10.103" errors="0" timestamp="2024-04-09T12:40:05 EDT" skipped="0">
  <testcase classname="dropdownhandling.DeselectByIndex" name="deSelectByIndex" time="10.103"/>
</testsuite> <!-- dropdownhandling.DeselectByIndex -->
