<?xml version="1.0" encoding="UTF-8"?>
<!-- Generated by org.testng.reporters.JUnitReportReporter -->
<testsuite hostname="DESKTOP-LQEM3VC" failures="0" tests="1" name="keyboardevents.KeyboardEvents" time="10.308" errors="0" timestamp="2024-04-20T11:46:23 EDT" skipped="0">
  <testcase classname="keyboardevents.KeyboardEvents" name="keyBoardEvent" time="10.308"/>
</testsuite> <!-- keyboardevents.KeyboardEvents -->
