<?xml version="1.0" encoding="UTF-8"?>
<!-- Generated by org.testng.reporters.JUnitReportReporter -->
<testsuite hostname="DESKTOP-LQEM3VC" failures="0" tests="1" name="checkboxhandling.SelectCheckboxByXPath" time="5.224" errors="0" timestamp="2024-03-30T13:16:44 EDT" skipped="0">
  <testcase classname="checkboxhandling.SelectCheckboxByXPath" name="checkByXpath" time="5.224"/>
</testsuite> <!-- checkboxhandling.SelectCheckboxByXPath -->
