<?xml version="1.0" encoding="UTF-8"?>
<!-- Generated by org.testng.reporters.JUnitReportReporter -->
<testsuite hostname="DESKTOP-LQEM3VC" failures="0" tests="1" name="alerthandling.DismissConfirmAlert" time="3.081" errors="0" timestamp="2024-05-06T23:33:51 EDT" skipped="0">
  <testcase classname="alerthandling.DismissConfirmAlert" name="dismissAlert" time="3.081"/>
</testsuite> <!-- alerthandling.DismissConfirmAlert -->
