<?xml version="1.0" encoding="UTF-8"?>
<!-- Generated by org.testng.reporters.JUnitReportReporter -->
<testsuite hostname="DESKTOP-LQEM3VC" failures="0" tests="1" name="locators.dynamicxpath.LocateByLast" time="3.094" errors="0" timestamp="2024-04-09T20:50:12 EDT" skipped="0">
  <testcase classname="locators.dynamicxpath.LocateByLast" name="clickMethod" time="3.094"/>
</testsuite> <!-- locators.dynamicxpath.LocateByLast -->
