<?xml version="1.0" encoding="UTF-8"?>
<!-- Generated by org.testng.reporters.JUnitReportReporter -->
<testsuite hostname="DESKTOP-LQEM3VC" failures="0" tests="1" name="locators.dynamicxpath.LocateByPreceding" time="3.084" errors="0" timestamp="2024-04-09T21:06:42 EDT" skipped="0">
  <testcase classname="locators.dynamicxpath.LocateByPreceding" name="locateByPreceding" time="3.084"/>
</testsuite> <!-- locators.dynamicxpath.LocateByPreceding -->
