<?xml version="1.0" encoding="UTF-8"?>
<!-- Generated by org.testng.reporters.JUnitReportReporter -->
<testsuite hostname="DESKTOP-LQEM3VC" failures="0" tests="1" name="ebrahim.hossain.sqa.browserhanding.ChromeBrowserInSelenium" time="1.771" errors="0" timestamp="2024-03-29T07:51:53 EDT" skipped="0">
  <testcase classname="ebrahim.hossain.sqa.browserhanding.ChromeBrowserInSelenium" name="openUrl" time="1.771"/>
</testsuite> <!-- ebrahim.hossain.sqa.browserhanding.ChromeBrowserInSelenium -->
