<?xml version="1.0" encoding="UTF-8"?>
<!-- Generated by org.testng.reporters.JUnitReportReporter -->
<testsuite hostname="DESKTOP-LQEM3VC" failures="0" tests="1" name="ebrahim.hossain.sqa.browserhanding.CrossBrowserConfiguration" time="11.284" errors="0" timestamp="2024-03-29T09:04:32 EDT" skipped="0">
  <testcase classname="ebrahim.hossain.sqa.browserhanding.CrossBrowserConfiguration" name="openURL" time="11.284"/>
</testsuite> <!-- ebrahim.hossain.sqa.browserhanding.CrossBrowserConfiguration -->
