<?xml version="1.0" encoding="UTF-8"?>
<!-- Generated by org.testng.reporters.JUnitReportReporter -->
<testsuite hostname="DESKTOP-LQEM3VC" failures="0" tests="1" name="tabhandling.CreateNewTab" time="10.686" errors="0" timestamp="2024-04-21T11:21:59 EDT" skipped="0">
  <testcase classname="tabhandling.CreateNewTab" name="createNewTab" time="10.686"/>
</testsuite> <!-- tabhandling.CreateNewTab -->
