<?xml version="1.0" encoding="UTF-8"?>
<!-- Generated by org.testng.reporters.JUnitReportReporter -->
<testsuite hostname="DESKTOP-LQEM3VC" failures="0" tests="1" name="tabhandling.CountTheTabs" time="10.647" errors="0" timestamp="2024-04-21T11:23:51 EDT" skipped="0">
  <testcase classname="tabhandling.CountTheTabs" name="countTab" time="10.647"/>
</testsuite> <!-- tabhandling.CountTheTabs -->
