<?xml version="1.0" encoding="UTF-8"?>
<!-- Generated by org.testng.reporters.JUnitReportReporter -->
<testsuite hostname="DESKTOP-LQEM3VC" failures="0" tests="1" name="webdrivernavigationcommands.RefreshCommand" time="3.712" errors="0" timestamp="2024-03-31T12:36:40 EDT" skipped="0">
  <testcase classname="webdrivernavigationcommands.RefreshCommand" name="refreshCommand" time="3.712"/>
</testsuite> <!-- webdrivernavigationcommands.RefreshCommand -->
