<?xml version="1.0" encoding="UTF-8"?>
<!-- Generated by org.testng.reporters.JUnitReportReporter -->
<testsuite hostname="DESKTOP-LQEM3VC" failures="0" tests="1" name="waits.ExplicitWait" time="5.110" errors="0" timestamp="2024-03-31T12:50:16 EDT" skipped="0">
  <testcase classname="waits.ExplicitWait" name="explicitWait" time="5.110"/>
</testsuite> <!-- waits.ExplicitWait -->
