<?xml version="1.0" encoding="UTF-8"?>
<!-- Generated by org.testng.reporters.JUnitReportReporter -->
<testsuite hostname="DESKTOP-LQEM3VC" failures="0" tests="1" name="mouseevents.Hover" time="3.575" errors="0" timestamp="2024-04-10T07:35:33 EDT" skipped="0">
  <testcase classname="mouseevents.Hover" name="mouseHover" time="3.575"/>
</testsuite> <!-- mouseevents.Hover -->
