<?xml version="1.0" encoding="UTF-8"?>
<!-- Generated by org.testng.reporters.JUnitReportReporter -->
<testsuite hostname="DESKTOP-LQEM3VC" failures="0" tests="1" name="headlessbrowserhandle.HeadlessChromeBrowserInSelenium" time="11.548" errors="0" timestamp="2024-04-09T19:03:43 EDT" skipped="0">
  <testcase classname="headlessbrowserhandle.HeadlessChromeBrowserInSelenium" name="openUrl" time="11.548"/>
</testsuite> <!-- headlessbrowserhandle.HeadlessChromeBrowserInSelenium -->
