<?xml version="1.0" encoding="UTF-8"?>
<!-- Generated by org.testng.reporters.JUnitReportReporter -->
<testsuite hostname="DESKTOP-LQEM3VC" failures="0" tests="1" name="webdrivernavigationcommands.NavigateToCommand" time="6.334" errors="0" timestamp="2024-03-31T12:33:43 EDT" skipped="0">
  <testcase classname="webdrivernavigationcommands.NavigateToCommand" name="navigateToCommand" time="6.334"/>
</testsuite> <!-- webdrivernavigationcommands.NavigateToCommand -->
