<?xml version="1.0" encoding="UTF-8"?>
<!-- Generated by org.testng.reporters.JUnitReportReporter -->
<testsuite hostname="DESKTOP-LQEM3VC" failures="0" tests="1" name="locators.LocateByCssSelectorAttribute" time="5.225" errors="0" timestamp="2024-04-02T01:28:04 EDT" skipped="0">
  <testcase classname="locators.LocateByCssSelectorAttribute" name="locateByCss" time="5.225"/>
</testsuite> <!-- locators.LocateByCssSelectorAttribute -->
