<?xml version="1.0" encoding="UTF-8"?>
<!-- Generated by org.testng.reporters.JUnitReportReporter -->
<testsuite hostname="DESKTOP-LQEM3VC" failures="0" tests="1" name="webdrivergetcommands.RetrieveLocationByGetLocationMethod" time="3.051" errors="0" timestamp="2024-04-11T21:45:09 EDT" skipped="0">
  <testcase classname="webdrivergetcommands.RetrieveLocationByGetLocationMethod" name="fetchLocation" time="3.051"/>
</testsuite> <!-- webdrivergetcommands.RetrieveLocationByGetLocationMethod -->
