<?xml version="1.0" encoding="UTF-8"?>
<!-- Generated by org.testng.reporters.JUnitReportReporter -->
<testsuite hostname="DESKTOP-LQEM3VC" failures="0" tests="1" name="webdrivernavigationcommands.BackCommand" time="6.163" errors="0" timestamp="2024-03-31T12:35:08 EDT" skipped="0">
  <testcase classname="webdrivernavigationcommands.BackCommand" name="forwardCommand" time="6.163"/>
</testsuite> <!-- webdrivernavigationcommands.BackCommand -->
