<?xml version="1.0" encoding="UTF-8"?>
<!-- Generated by org.testng.reporters.JUnitReportReporter -->
<testsuite hostname="DESKTOP-LQEM3VC" failures="0" tests="1" name="radiobuttonhandling.SelectRadioButtonDynamic" time="0.345" errors="0" timestamp="2024-03-30T13:22:20 EDT" skipped="0">
  <testcase classname="radiobuttonhandling.SelectRadioButtonDynamic" name="radioButton" time="0.345"/>
</testsuite> <!-- radiobuttonhandling.SelectRadioButtonDynamic -->
