<?xml version="1.0" encoding="UTF-8"?>
<!-- Generated by org.testng.reporters.JUnitReportReporter -->
<testsuite hostname="DESKTOP-LQEM3VC" failures="0" tests="1" name="windowhandling.CountTheWindows" time="8.620" errors="0" timestamp="2024-04-10T23:53:17 EDT" skipped="0">
  <testcase classname="windowhandling.CountTheWindows" name="countWindows" time="8.620"/>
</testsuite> <!-- windowhandling.CountTheWindows -->
