<?xml version="1.0" encoding="UTF-8"?>
<!-- Generated by org.testng.reporters.JUnitReportReporter -->
<testsuite hostname="DESKTOP-LQEM3VC" failures="0" tests="1" name="waits.ImplicitWait" time="5.673" errors="0" timestamp="2024-03-30T21:26:19 EDT" skipped="0">
  <testcase classname="waits.ImplicitWait" name="implicitWait" time="5.673"/>
</testsuite> <!-- waits.ImplicitWait -->
