<?xml version="1.0" encoding="UTF-8"?>
<!-- Generated by org.testng.reporters.JUnitReportReporter -->
<testsuite hostname="DESKTOP-LQEM3VC" failures="0" tests="1" name="assertions.AssertNotNull" time="0.013" errors="0" timestamp="2024-04-09T11:00:38 EDT" skipped="0">
  <testcase classname="assertions.AssertNotNull" name="testAssertNotNull" time="0.013"/>
</testsuite> <!-- assertions.AssertNotNull -->
