<?xml version="1.0" encoding="UTF-8"?>
<!-- Generated by org.testng.reporters.JUnitReportReporter -->
<testsuite hostname="DESKTOP-LQEM3VC" failures="0" tests="1" name="iframehandling.SwitchToFramesByID" time="0.071" errors="0" timestamp="2024-04-20T11:35:07 EDT" skipped="0">
  <testcase classname="iframehandling.SwitchToFramesByID" name="idendtifyIFramesById" time="0.071"/>
</testsuite> <!-- iframehandling.SwitchToFramesByID -->
