<?xml version="1.0" encoding="UTF-8"?>
<!-- Generated by org.testng.reporters.JUnitReportReporter -->
<testsuite hostname="DESKTOP-LQEM3VC" failures="0" tests="1" name="scrollhandling.HorizontalScroll" time="5.091" errors="0" timestamp="2024-04-02T07:59:00 EDT" skipped="0">
  <testcase classname="scrollhandling.HorizontalScroll" name="horizontalScroll" time="5.091"/>
</testsuite> <!-- scrollhandling.HorizontalScroll -->
