<?xml version="1.0" encoding="UTF-8"?>
<!-- Generated by org.testng.reporters.JUnitReportReporter -->
<testsuite hostname="DESKTOP-LQEM3VC" failures="0" tests="1" name="formwebelementcommands.SubmitMethod" time="11.235" errors="0" timestamp="2024-04-20T11:30:14 EDT" skipped="0">
  <testcase classname="formwebelementcommands.SubmitMethod" name="submitMethod" time="11.235"/>
</testsuite> <!-- formwebelementcommands.SubmitMethod -->
