<?xml version="1.0" encoding="UTF-8"?>
<!-- Generated by org.testng.reporters.JUnitReportReporter -->
<testsuite hostname="DESKTOP-LQEM3VC" failures="0" tests="1" name="webdrivergetcommands.RetrievePageSourceOfCurrentWebPage" time="1.031" errors="0" timestamp="2024-03-31T12:25:27 EDT" skipped="0">
  <testcase classname="webdrivergetcommands.RetrievePageSourceOfCurrentWebPage" name="fetchPageSource" time="1.031"/>
</testsuite> <!-- webdrivergetcommands.RetrievePageSourceOfCurrentWebPage -->
