<?xml version="1.0" encoding="UTF-8"?>
<!-- Generated by org.testng.reporters.JUnitReportReporter -->
<testsuite hostname="DESKTOP-LQEM3VC" failures="0" tests="1" name="checkboxhandling.UnselectMultiplesCheckbox" time="10.462" errors="0" timestamp="2024-03-30T13:20:07 EDT" skipped="0">
  <testcase classname="checkboxhandling.UnselectMultiplesCheckbox" name="unchecks" time="10.462"/>
</testsuite> <!-- checkboxhandling.UnselectMultiplesCheckbox -->
