<?xml version="1.0" encoding="UTF-8"?>
<!-- Generated by org.testng.reporters.JUnitReportReporter -->
<testsuite hostname="DESKTOP-LQEM3VC" failures="0" tests="1" name="locators.dynamicxpath.LocateByText" time="3.063" errors="0" timestamp="2024-04-09T21:50:36 EDT" skipped="0">
  <testcase classname="locators.dynamicxpath.LocateByText" name="locateByText" time="3.063"/>
</testsuite> <!-- locators.dynamicxpath.LocateByText -->
