<?xml version="1.0" encoding="UTF-8"?>
<!-- Generated by org.testng.reporters.JUnitReportReporter -->
<testsuite hostname="DESKTOP-LQEM3VC" failures="0" tests="1" name="checkboxhandling.SelectMultiplesCheckbox" time="5.347" errors="0" timestamp="2024-03-30T13:18:22 EDT" skipped="0">
  <testcase classname="checkboxhandling.SelectMultiplesCheckbox" name="checks" time="5.347"/>
</testsuite> <!-- checkboxhandling.SelectMultiplesCheckbox -->
