<?xml version="1.0" encoding="UTF-8"?>
<!-- Generated by org.testng.reporters.JUnitReportReporter -->
<testsuite hostname="DESKTOP-LQEM3VC" failures="0" tests="1" name="iframehandling.SwitchToFramesByName" time="0.059" errors="0" timestamp="2024-04-23T06:33:30 EDT" skipped="0">
  <testcase classname="iframehandling.SwitchToFramesByName" name="idendtifyIFramesByName" time="0.059"/>
</testsuite> <!-- iframehandling.SwitchToFramesByName -->
