<?xml version="1.0" encoding="UTF-8"?>
<!-- Generated by org.testng.reporters.JUnitReportReporter -->
<testsuite hostname="DESKTOP-LQEM3VC" failures="0" tests="1" name="locators.LocateByClassNameAttribute" time="7.481" errors="0" timestamp="2024-03-30T12:44:42 EDT" skipped="0">
  <testcase classname="locators.LocateByClassNameAttribute" name="locateByClassName" time="7.481"/>
</testsuite> <!-- locators.LocateByClassNameAttribute -->
