<?xml version="1.0" encoding="UTF-8"?>
<!-- Generated by org.testng.reporters.JUnitReportReporter -->
<testsuite hostname="DESKTOP-LQEM3VC" failures="0" tests="1" name="mouseevents.DragAndDropByOffset" time="3.102" errors="0" timestamp="2024-04-09T23:29:17 EDT" skipped="0">
  <testcase classname="mouseevents.DragAndDropByOffset" name="dragAndDropByOffset" time="3.102"/>
</testsuite> <!-- mouseevents.DragAndDropByOffset -->
