<?xml version="1.0" encoding="UTF-8"?>
<!-- Generated by org.testng.reporters.JUnitReportReporter -->
<testsuite hostname="DESKTOP-LQEM3VC" failures="0" tests="1" name="locators.dynamicxpath.LocateByPosition" time="3.337" errors="0" timestamp="2024-04-09T20:55:24 EDT" skipped="0">
  <testcase classname="locators.dynamicxpath.LocateByPosition" name="locateByPosition" time="3.337"/>
</testsuite> <!-- locators.dynamicxpath.LocateByPosition -->
