<?xml version="1.0" encoding="UTF-8"?>
<!-- Generated by org.testng.reporters.JUnitReportReporter -->
<testsuite hostname="Md-Ebrahim" failures="0" tests="1" name="headlessbrowserhandle.HeadlessEdgeBrowserInPlaywright" time="1.728" errors="0" timestamp="2024-06-18T23:15:32 EDT" skipped="0">
  <testcase classname="headlessbrowserhandle.HeadlessEdgeBrowserInPlaywright" name="openUrl" time="1.728"/>
</testsuite> <!-- headlessbrowserhandle.HeadlessEdgeBrowserInPlaywright -->
