<?xml version="1.0" encoding="UTF-8"?>
<!-- Generated by org.testng.reporters.JUnitReportReporter -->
<testsuite hostname="DESKTOP-LQEM3VC" failures="0" tests="1" name="assertions.AssertNotEquals" time="0.060" errors="0" timestamp="2024-04-20T11:21:02 EDT" skipped="0">
  <testcase classname="assertions.AssertNotEquals" name="testAssertNotEquals" time="0.060"/>
</testsuite> <!-- assertions.AssertNotEquals -->
