<?xml version="1.0" encoding="UTF-8"?>
<!-- Generated by org.testng.reporters.JUnitReportReporter -->
<testsuite hostname="DESKTOP-LQEM3VC" failures="0" tests="1" name="webdrivergetcommands.RetrieveTextByGetTextMethod" time="2.047" errors="0" timestamp="2024-03-31T12:27:51 EDT" skipped="0">
  <testcase classname="webdrivergetcommands.RetrieveTextByGetTextMethod" name="getTextMethod" time="2.047"/>
</testsuite> <!-- webdrivergetcommands.RetrieveTextByGetTextMethod -->
