<?xml version="1.0" encoding="UTF-8"?>
<!-- Generated by org.testng.reporters.JUnitReportReporter -->
<testsuite hostname="DESKTOP-LQEM3VC" failures="0" tests="1" name="windowhandling.SwitchToNewWindow" time="8.698" errors="0" timestamp="2024-04-10T23:55:50 EDT" skipped="0">
  <testcase classname="windowhandling.SwitchToNewWindow" name="switchToWindow" time="8.698"/>
</testsuite> <!-- windowhandling.SwitchToNewWindow -->
