<?xml version="1.0" encoding="UTF-8"?>
<!-- Generated by org.testng.reporters.JUnitReportReporter -->
<testsuite hostname="DESKTOP-LQEM3VC" failures="0" tests="1" name="assertions.AssertFalse" time="0.032" errors="0" timestamp="2024-04-20T11:17:32 EDT" skipped="0">
  <testcase classname="assertions.AssertFalse" name="testAssertFalse" time="0.032"/>
</testsuite> <!-- assertions.AssertFalse -->
