<?xml version="1.0" encoding="UTF-8"?>
<!-- Generated by org.testng.reporters.JUnitReportReporter -->
<testsuite hostname="DESKTOP-LQEM3VC" failures="0" tests="1" name="locators.dynamicxpath.LocateByStartsWith" time="3.116" errors="0" timestamp="2024-04-09T21:34:45 EDT" skipped="0">
  <testcase classname="locators.dynamicxpath.LocateByStartsWith" name="locateByStartsWith" time="3.116"/>
</testsuite> <!-- locators.dynamicxpath.LocateByStartsWith -->
