<?xml version="1.0" encoding="UTF-8"?>
<!-- Generated by org.testng.reporters.JUnitReportReporter -->
<testsuite hostname="Md-Ebrahim" failures="0" tests="1" name="headlessbrowserhandle.HeadlessFirefoxBrowserInPlaywright" time="2.135" errors="0" timestamp="2024-06-18T23:15:09 EDT" skipped="0">
  <testcase classname="headlessbrowserhandle.HeadlessFirefoxBrowserInPlaywright" name="openUrl" time="2.135"/>
</testsuite> <!-- headlessbrowserhandle.HeadlessFirefoxBrowserInPlaywright -->
