<?xml version="1.0" encoding="UTF-8"?>
<!-- Generated by org.testng.reporters.JUnitReportReporter -->
<testsuite hostname="DESKTOP-LQEM3VC" failures="0" tests="1" name="webtablehandling.FetchTableHeading" time="0.075" errors="0" timestamp="2024-04-21T11:32:39 EDT" skipped="0">
  <testcase classname="webtablehandling.FetchTableHeading" name="fetchHeading" time="0.075"/>
</testsuite> <!-- webtablehandling.FetchTableHeading -->
