<?xml version="1.0" encoding="UTF-8"?>
<!-- Generated by org.testng.reporters.JUnitReportReporter -->
<testsuite hostname="DESKTOP-LQEM3VC" failures="0" tests="1" name="formwebelementcommands.ClearMethod" time="6.107" errors="0" timestamp="2024-04-20T11:26:45 EDT" skipped="0">
  <testcase classname="formwebelementcommands.ClearMethod" name="clearMethod" time="6.107"/>
</testsuite> <!-- formwebelementcommands.ClearMethod -->
