<?xml version="1.0" encoding="UTF-8"?>
<!-- Generated by org.testng.reporters.JUnitReportReporter -->
<testsuite hostname="DESKTOP-LQEM3VC" failures="0" tests="1" name="browserhanding.CrossBrowserConfiguration" time="10.416" errors="0" timestamp="2024-05-02T23:50:08 EDT" skipped="0">
  <testcase classname="browserhanding.CrossBrowserConfiguration" name="openURL" time="10.416"/>
</testsuite> <!-- browserhanding.CrossBrowserConfiguration -->
