<?xml version="1.0" encoding="UTF-8"?>
<!-- Generated by org.testng.reporters.JUnitReportReporter -->
<testsuite hostname="DESKTOP-LQEM3VC" failures="0" tests="1" name="webtablehandling.FetchCellValueOfParticularRowAndColumn" time="0.060" errors="0" timestamp="2024-04-21T11:37:06 EDT" skipped="0">
  <testcase classname="webtablehandling.FetchCellValueOfParticularRowAndColumn" name="fetchCellValueOfParticularRowAndColumn" time="0.060"/>
</testsuite> <!-- webtablehandling.FetchCellValueOfParticularRowAndColumn -->
