<?xml version="1.0" encoding="UTF-8"?>
<!-- Generated by org.testng.reporters.JUnitReportReporter -->
<testsuite hostname="DESKTOP-LQEM3VC" failures="0" tests="1" name="locators.LocateByIDAttribute" time="5.082" errors="0" timestamp="2024-03-30T12:46:58 EDT" skipped="0">
  <testcase classname="locators.LocateByIDAttribute" name="locateByID" time="5.082"/>
</testsuite> <!-- locators.LocateByIDAttribute -->
