<?xml version="1.0" encoding="UTF-8"?>
<!-- Generated by org.testng.reporters.JUnitReportReporter -->
<testsuite hostname="DESKTOP-LQEM3VC" failures="0" tests="1" name="mouseevents.RightClick" time="6.267" errors="0" timestamp="2024-04-20T11:58:30 EDT" skipped="0">
  <testcase classname="mouseevents.RightClick" name="rightClickTest" time="6.267"/>
</testsuite> <!-- mouseevents.RightClick -->
