<?xml version="1.0" encoding="UTF-8"?>
<!-- Generated by org.testng.reporters.JUnitReportReporter -->
<testsuite hostname="DESKTOP-LQEM3VC" failures="0" tests="1" name="browserhanding.EdgeBrowserInSelenium" time="5.499" errors="0" timestamp="2024-03-30T12:30:03 EDT" skipped="0">
  <testcase classname="browserhanding.EdgeBrowserInSelenium" name="openUrl" time="5.499"/>
</testsuite> <!-- browserhanding.EdgeBrowserInSelenium -->
