<?xml version="1.0" encoding="UTF-8"?>
<!-- Generated by org.testng.reporters.JUnitReportReporter -->
<testsuite hostname="DESKTOP-LQEM3VC" failures="0" tests="1" name="webtablehandling.FetchTableColumnValue" time="5.716" errors="0" timestamp="2024-04-11T21:46:54 EDT" skipped="0">
  <testcase classname="webtablehandling.FetchTableColumnValue" name="fetchTableColumnValue" time="5.716"/>
</testsuite> <!-- webtablehandling.FetchTableColumnValue -->
