<?xml version="1.0" encoding="UTF-8"?>
<!-- Generated by org.testng.reporters.JUnitReportReporter -->
<testsuite hostname="DESKTOP-LQEM3VC" failures="0" tests="1" name="webdrivergetcommands.RetrieveCurrentURLOfCurrentWebPage" time="1.014" errors="0" timestamp="2024-03-31T12:24:30 EDT" skipped="0">
  <testcase classname="webdrivergetcommands.RetrieveCurrentURLOfCurrentWebPage" name="fetchCurrentURL" time="1.014"/>
</testsuite> <!-- webdrivergetcommands.RetrieveCurrentURLOfCurrentWebPage -->
