<?xml version="1.0" encoding="UTF-8"?>
<!-- Generated by org.testng.reporters.JUnitReportReporter -->
<testsuite hostname="DESKTOP-LQEM3VC" failures="0" tests="1" name="scrollhandling.ScrollDown" time="5.025" errors="0" timestamp="2024-04-21T11:13:32 EDT" skipped="0">
  <testcase classname="scrollhandling.ScrollDown" name="scrollDown" time="5.025"/>
</testsuite> <!-- scrollhandling.ScrollDown -->
