<?xml version="1.0" encoding="UTF-8"?>
<!-- Generated by org.testng.reporters.JUnitReportReporter -->
<testsuite hostname="DESKTOP-LQEM3VC" failures="0" tests="1" name="locators.XPathStrategies" time="1.047" errors="0" timestamp="2024-03-30T13:04:41 EDT" skipped="0">
  <testcase classname="locators.XPathStrategies" name="exampleOfXPathAND" time="1.047"/>
</testsuite> <!-- locators.XPathStrategies -->
