<?xml version="1.0" encoding="UTF-8"?>
<!-- Generated by org.testng.reporters.JUnitReportReporter -->
<testsuite hostname="DESKTOP-LQEM3VC" failures="0" tests="1" name="dropdownhandling.SelectByIndex" time="5.081" errors="0" timestamp="2024-04-02T01:37:32 EDT" skipped="0">
  <testcase classname="dropdownhandling.SelectByIndex" name="selectByIndex" time="5.081"/>
</testsuite> <!-- dropdownhandling.SelectByIndex -->
