<?xml version="1.0" encoding="UTF-8"?>
<!-- Generated by org.testng.reporters.JUnitReportReporter -->
<testsuite hostname="DESKTOP-LQEM3VC" failures="0" tests="1" name="locators.LocateByText" time="3.110" errors="0" timestamp="2024-03-29T13:00:59 EDT" skipped="0">
  <testcase classname="locators.LocateByText" name="locateByText" time="3.110"/>
</testsuite> <!-- locators.LocateByText -->
