<?xml version="1.0" encoding="UTF-8"?>
<!-- Generated by org.testng.reporters.JUnitReportReporter -->
<testsuite hostname="DESKTOP-LQEM3VC" failures="0" tests="1" name="browserhanding.EdgeBrowserInPlaywright" time="6.550" errors="0" timestamp="2024-05-02T23:50:48 EDT" skipped="0">
  <testcase classname="browserhanding.EdgeBrowserInPlaywright" name="openUrl" time="6.550"/>
</testsuite> <!-- browserhanding.EdgeBrowserInPlaywright -->
