<?xml version="1.0" encoding="UTF-8"?>
<!-- Generated by org.testng.reporters.JUnitReportReporter -->
<testsuite hostname="DESKTOP-LQEM3VC" failures="0" tests="1" name="scrollhandling.ScrollToElement" time="5.068" errors="0" timestamp="2024-04-21T11:15:40 EDT" skipped="0">
  <testcase classname="scrollhandling.ScrollToElement" name="scrollToSpecificElement" time="5.068"/>
</testsuite> <!-- scrollhandling.ScrollToElement -->
