<?xml version="1.0" encoding="UTF-8"?>
<!-- Generated by org.testng.reporters.JUnitReportReporter -->
<testsuite hostname="DESKTOP-LQEM3VC" failures="0" tests="1" name="dropdownhandling.SelectByVisibleText" time="5.074" errors="0" timestamp="2024-03-31T12:42:52 EDT" skipped="0">
  <testcase classname="dropdownhandling.SelectByVisibleText" name="selectByVisibleText" time="5.074"/>
</testsuite> <!-- dropdownhandling.SelectByVisibleText -->
