<?xml version="1.0" encoding="UTF-8"?>
<!-- Generated by org.testng.reporters.JUnitReportReporter -->
<testsuite hostname="DESKTOP-LQEM3VC" failures="0" tests="1" name="locators.LocateByNameAttribute" time="3.063" errors="0" timestamp="2024-03-30T12:50:46 EDT" skipped="0">
  <testcase classname="locators.LocateByNameAttribute" name="locateByName" time="3.063"/>
</testsuite> <!-- locators.LocateByNameAttribute -->
