<?xml version="1.0" encoding="UTF-8"?>
<!-- Generated by org.testng.reporters.JUnitReportReporter -->
<testsuite hostname="DESKTOP-LQEM3VC" failures="0" tests="1" name="locators.LocateByTagNameAttribute" time="0.198" errors="0" timestamp="2024-03-30T12:52:53 EDT" skipped="0">
  <testcase classname="locators.LocateByTagNameAttribute" name="locateByTagName" time="0.198"/>
</testsuite> <!-- locators.LocateByTagNameAttribute -->
