<?xml version="1.0" encoding="UTF-8"?>
<!-- Generated by org.testng.reporters.JUnitReportReporter -->
<testsuite hostname="DESKTOP-LQEM3VC" failures="0" tests="1" name="ebrahim.hossain.sqa.browserhanding.EdgeBrowserInSelenium" time="4.574" errors="0" timestamp="2024-03-29T08:05:30 EDT" skipped="0">
  <testcase classname="ebrahim.hossain.sqa.browserhanding.EdgeBrowserInSelenium" name="openUrl" time="4.574"/>
</testsuite> <!-- ebrahim.hossain.sqa.browserhanding.EdgeBrowserInSelenium -->
