<?xml version="1.0" encoding="UTF-8"?>
<!-- Generated by org.testng.reporters.JUnitReportReporter -->
<testsuite hostname="DESKTOP-LQEM3VC" failures="0" tests="1" name="webdrivergetcommands.RetrieveTheClassObject" time="1.009" errors="0" timestamp="2024-04-11T10:37:32 EDT" skipped="0">
  <testcase classname="webdrivergetcommands.RetrieveTheClassObject" name="fetchClassInfo" time="1.009"/>
</testsuite> <!-- webdrivergetcommands.RetrieveTheClassObject -->
