<?xml version="1.0" encoding="UTF-8"?>
<!-- Generated by org.testng.reporters.JUnitReportReporter -->
<testsuite hostname="DESKTOP-LQEM3VC" failures="0" tests="1" name="dropdownhandling.ListOfAllDropdownOption" time="0.184" errors="0" timestamp="2024-04-09T13:24:47 EDT" skipped="0">
  <testcase classname="dropdownhandling.ListOfAllDropdownOption" name="selectByVisibleText" time="0.184"/>
</testsuite> <!-- dropdownhandling.ListOfAllDropdownOption -->
