<?xml version="1.0" encoding="UTF-8"?>
<!-- Generated by org.testng.reporters.JUnitReportReporter -->
<testsuite hostname="DESKTOP-LQEM3VC" failures="0" tests="1" name="scrollhandling.ScrollUp" time="8.044" errors="0" timestamp="2024-04-21T11:18:14 EDT" skipped="0">
  <testcase classname="scrollhandling.ScrollUp" name="scrollUp" time="8.044"/>
</testsuite> <!-- scrollhandling.ScrollUp -->
