<?xml version="1.0" encoding="UTF-8"?>
<!-- Generated by org.testng.reporters.JUnitReportReporter -->
<testsuite hostname="DESKTOP-LQEM3VC" failures="0" tests="1" name="checkboxhandling.SelectCheckboxByID" time="3.222" errors="0" timestamp="2024-03-30T06:03:54 EDT" skipped="0">
  <testcase classname="checkboxhandling.SelectCheckboxByID" name="checkByID" time="3.222"/>
</testsuite> <!-- checkboxhandling.SelectCheckboxByID -->
