<?xml version="1.0" encoding="UTF-8"?>
<!-- Generated by org.testng.reporters.JUnitReportReporter -->
<testsuite hostname="DESKTOP-LQEM3VC" failures="0" tests="1" name="locators.dynamicxpath.LocateByRelativeXPath" time="3.096" errors="0" timestamp="2024-04-09T21:25:38 EDT" skipped="0">
  <testcase classname="locators.dynamicxpath.LocateByRelativeXPath" name="relativeXPath" time="3.096"/>
</testsuite> <!-- locators.dynamicxpath.LocateByRelativeXPath -->
