<?xml version="1.0" encoding="UTF-8"?>
<!-- Generated by org.testng.reporters.JUnitReportReporter -->
<testsuite hostname="DESKTOP-LQEM3VC" failures="0" tests="1" name="alerthandling.GetTextOfPromptAlert" time="7.260" errors="0" timestamp="2024-04-09T10:09:49 EDT" skipped="0">
  <testcase classname="alerthandling.GetTextOfPromptAlert" name="getTextOfAlert" time="7.260"/>
</testsuite> <!-- alerthandling.GetTextOfPromptAlert -->
